Arguments: 
  C:\Program Files\nodejs\node.exe C:\Users\shmel\AppData\Roaming\npm\node_modules\yarn\bin\yarn.js install

PATH: 
  C:\Program Files (x86)\Common Files\Oracle\Java\javapath;C:\WINDOWS\system32;C:\WINDOWS;C:\WINDOWS\System32\Wbem;C:\WINDOWS\System32\WindowsPowerShell\v1.0\;C:\WINDOWS\System32\OpenSSH\;C:\Program Files (x86)\Intel\Intel(R) Management Engine Components\DAL;C:\Program Files\Intel\Intel(R) Management Engine Components\DAL;C:\Program Files\nodejs\;C:\Program Files\Git\cmd;C:\Program Files\PuTTY\;C:\Program Files\Docker\Docker\resources\bin;C:\ProgramData\DockerDesktop\version-bin;C:\Users\shmel\AppData\Local\Programs\Python\Python38\Scripts\;C:\Users\shmel\AppData\Local\Programs\Python\Python38\;C:\Users\shmel\AppData\Local\Microsoft\WindowsApps;C:\Users\shmel\AppData\Roaming\npm;C:\Program Files\Microsoft VS Code\bin;C:\Users\shmel\AppData\Local\GitHubDesktop\bin;%USERPROFILE%\AppData\Local\Microsoft\WindowsApps;

Yarn version: 
  1.22.4

Node version: 
  12.13.1

Platform: 
  win32 x64

Trace: 
  SyntaxError: C:\Users\shmel\Desktop\FS\widget\package.json: Unexpected token } in JSON at position 1507
      at JSON.parse (<anonymous>)
      at C:\Users\shmel\AppData\Roaming\npm\node_modules\yarn\lib\cli.js:1625:59
      at Generator.next (<anonymous>)
      at step (C:\Users\shmel\AppData\Roaming\npm\node_modules\yarn\lib\cli.js:310:30)
      at C:\Users\shmel\AppData\Roaming\npm\node_modules\yarn\lib\cli.js:321:13

npm manifest: 
  {
    "name": "pushsms",
    "version": "1.0.0",
    "description": "",
    "main": "index.js",
    "scripts": {
      "start": "webpack --mode development --watch --open",
      "dev": "webpack-dev-server --mode development --watch --open",
      "build": "webpack --mode production"
    },
    "author": "",
    "license": "ISC",
    "dependencies": {
      "@ant-design/icons": "^4.2.1",
      "@babel/preset-es2015": "^7.0.0-beta.53",
      "@types/react": "^16.9.41",
      "@types/react-dom": "^16.9.8",
      "@types/react-redux": "^7.1.9",
      "@types/redux-api-middleware": "^3.2.2",
      "@types/redux-logger": "^3.0.8",
      "antd": "^4.4.0",
      "antd-scss-theme-plugin": "^1.0.8",
      "apexcharts": "^3.19.3",
      "babel-plugin-import": "^1.13.0",
      "babel-preset-es2015": "^6.24.1",
      "css-loader": "^3.4.2",
      "file-loader": "^6.0.0",
      "html-webpack-plugin": "^3.2.0",
      "less": "^3.11.3",
      "less-loader": "^6.1.3",
      "moment": "^2.27.0",
      "node-sass": "^4.14.1",
      "react": "^16.13.1",
      "react-dom": "^16.13.1",
      "react-redux": "^7.2.0",
      "redux": "^4.0.5",
      "redux-api-middleware": "^3.2.1",
      "redux-logger": "^3.0.6",
      "redux-thunk": "^2.3.0",
      "sass-loader": "^8.0.2",
      "style-loader": "^1.1.3",
      "ttf-loader": "^1.0.2",
      "webpack": "^4.41.6",
      "webpack-cli": "^3.3.11",
      "webpack-dev-server": "^3.11.0"
    },
    "devDependencies": {
      "@babel/core": "^7.8.4",
      "@babel/preset-env": "^7.10.4",
      "@babel/preset-react": "^7.10.4",
      "babel-loader": "^8.1.0",
    }
  }

yarn manifest: 
  No manifest

Lockfile: 
  No lockfile
